#
# A fatal error has been detected by the Java Runtime Environment:
#
#  EXCEPTION_ACCESS_VIOLATION (0xc0000005) at pc=0x000000006782f078, pid=9888, tid=0x0000000000001ddc
#
# JRE version: Java(TM) SE Runtime Environment (8.0_111-b14) (build 1.8.0_111-b14)
# Java VM: Java HotSpot(TM) 64-Bit Server VM (25.111-b14 mixed mode windows-amd64 compressed oops)
# Problematic frame:
# V  [jvm.dll+0x7df078]
#
# Failed to write core dump. Minidumps are not enabled by default on client versions of Windows
#
# If you would like to submit a bug report, please visit:
#   http://bugreport.java.com/bugreport/crash.jsp
# The crash happened outside the Java Virtual Machine in native code.
# See problematic frame for where to report the bug.
#

---------------  T H R E A D  ---------------

Current thread (0x000000001916f800):  JavaThread "AWT-EventQueue-0" [_thread_in_native, id=7644, stack(0x000000001a3b0000,0x000000001a4b0000)]

siginfo: ExceptionCode=0xc0000005, ExceptionInformation=0x0000000000000008 0x000000006782f078

Registers:
RAX=0x00000000000003b3, RBX=0x00000000683d21a8, RCX=0x000000001916f9f8, RDX=0x0000000021756440
RSP=0x000000001a4a79f8, RBP=0x000000001a4a7b00, RSI=0x0000000000000080, RDI=0x0000000000000080
R8 =0x000000001a4a7bc0, R9 =0x0000000000000001, R10=0x0000000000000106, R11=0x000000006785c348
R12=0x0000000021756440, R13=0x0000000000000000, R14=0x0000000000000000, R15=0x000000001916f9f8
RIP=0x000000006782f078, EFLAGS=0x0000000000010246

Top of Stack: (sp=0x000000001a4a79f8)
0x000000001a4a79f8:   0000000068301a1f 00000000683d21a8
0x000000001a4a7a08:   000000001a4a7b00 000000001a4abee0
0x000000001a4a7a18:   a5981f541f52ae18 000077f721d998d0
0x000000001a4a7a28:   000000001f516d08 0000000021d9dcc8
0x000000001a4a7a38:   0000000000130e28 00000000171ccd68
0x000000001a4a7a48:   000000001706a680 000000001f5032d0
0x000000001a4a7a58:   0000000021dabe08 000000001f4fb6a0
0x000000001a4a7a68:   0000000022207138 000077f71f507bf0
0x000000001a4a7a78:   000000011f507bf0 0000080000000354
0x000000001a4a7a88:   0000000021756440 000000001a4abed0
0x000000001a4a7a98:   000000001f519508 0000000020e7ac00
0x000000001a4a7aa8:   00000000171ccd28 0000000000000000
0x000000001a4a7ab8:   00000000682bfa30 0000000016c8f230
0x000000001a4a7ac8:   000000001916f9f8 0000000000000000
0x000000001a4a7ad8:   0000000116cdea30 00000000683d5b38
0x000000001a4a7ae8:   0000000122207138 000000001f62a378 

Instructions: (pc=0x000000006782f078)
0x000000006782f058:   00 00 00 00 00 00 00 00 00 00 00 00 00 00 00 00
0x000000006782f068:   00 00 00 00 00 00 00 00 00 00 00 00 00 00 00 00
0x000000006782f078:   55 54 55 05 00 00 00 00 00 00 00 00 00 00 00 00
0x000000006782f088:   00 00 00 00 00 00 00 00 00 00 00 00 00 00 00 00 


Register to memory mapping:

RAX=0x00000000000003b3 is an unknown value
RBX=0x00000000683d21a8 is an unknown value
RCX=0x000000001916f9f8 is an unknown value
RDX=0x0000000021756440 is an unknown value
RSP=0x000000001a4a79f8 is pointing into the stack for thread: 0x000000001916f800
RBP=0x000000001a4a7b00 is pointing into the stack for thread: 0x000000001916f800
RSI=0x0000000000000080 is an unknown value
RDI=0x0000000000000080 is an unknown value
R8 =0x000000001a4a7bc0 is pointing into the stack for thread: 0x000000001916f800
R9 =0x0000000000000001 is an unknown value
R10=0x0000000000000106 is an unknown value
R11=0x000000006785c348 is an unknown value
R12=0x0000000021756440 is an unknown value
R13=0x0000000000000000 is an unknown value
R14=0x0000000000000000 is an unknown value
R15=0x000000001916f9f8 is an unknown value


Stack: [0x000000001a3b0000,0x000000001a4b0000],  sp=0x000000001a4a79f8,  free space=990k
Native frames: (J=compiled Java code, j=interpreted, Vv=VM code, C=native code)
V  [jvm.dll+0x7df078]

Java frames: (J=compiled Java code, j=interpreted, Vv=VM code)
j  sun.java2d.loops.TransformHelper.Transform(Lsun/java2d/loops/MaskBlit;Lsun/java2d/SurfaceData;Lsun/java2d/SurfaceData;Ljava/awt/Composite;Lsun/java2d/pipe/Region;Ljava/awt/geom/AffineTransform;IIIIIIIII[III)V+0
j  sun.java2d.pipe.DrawImage.renderImageXform(Lsun/java2d/SunGraphics2D;Ljava/awt/Image;Ljava/awt/geom/AffineTransform;IIIIILjava/awt/Color;)V+542
j  sun.java2d.pipe.DrawImage.transformImage(Lsun/java2d/SunGraphics2D;Ljava/awt/Image;Ljava/awt/geom/AffineTransform;IIIIILjava/awt/Color;)V+120
j  sun.java2d.pipe.DrawImage.scaleImage(Lsun/java2d/SunGraphics2D;Ljava/awt/Image;IIIILjava/awt/Color;)Z+181
j  sun.java2d.pipe.DrawImage.scaleImage(Lsun/java2d/SunGraphics2D;Ljava/awt/Image;IIIILjava/awt/Color;Ljava/awt/image/ImageObserver;)Z+19
j  sun.java2d.pipe.ValidatePipe.scaleImage(Lsun/java2d/SunGraphics2D;Ljava/awt/Image;IIIILjava/awt/Color;Ljava/awt/image/ImageObserver;)Z+25
j  sun.java2d.SunGraphics2D.drawImage(Ljava/awt/Image;IIIILjava/awt/Color;Ljava/awt/image/ImageObserver;)Z+114
j  sun.java2d.SunGraphics2D.drawImage(Ljava/awt/Image;IIIILjava/awt/image/ImageObserver;)Z+11
j  player.Player.draw(Ljava/awt/Graphics2D;)V+40
j  gui.DrawCanvas.paintComponent(Ljava/awt/Graphics;)V+15
j  javax.swing.JComponent.paint(Ljava/awt/Graphics;)V+286
j  javax.swing.JComponent.paintChildren(Ljava/awt/Graphics;)V+501
j  javax.swing.JComponent.paint(Ljava/awt/Graphics;)V+318
j  javax.swing.JComponent.paintChildren(Ljava/awt/Graphics;)V+501
j  javax.swing.JComponent.paint(Ljava/awt/Graphics;)V+318
j  javax.swing.JLayeredPane.paint(Ljava/awt/Graphics;)V+73
j  javax.swing.JComponent.paintChildren(Ljava/awt/Graphics;)V+501
j  javax.swing.JComponent.paintToOffscreen(Ljava/awt/Graphics;IIIIII)V+72
j  javax.swing.RepaintManager$PaintManager.paintDoubleBuffered(Ljavax/swing/JComponent;Ljava/awt/Image;Ljava/awt/Graphics;IIII)V+163
j  javax.swing.RepaintManager$PaintManager.paint(Ljavax/swing/JComponent;Ljavax/swing/JComponent;Ljava/awt/Graphics;IIII)Z+116
j  javax.swing.RepaintManager.paint(Ljavax/swing/JComponent;Ljavax/swing/JComponent;Ljava/awt/Graphics;IIII)V+51
j  javax.swing.JComponent.paint(Ljava/awt/Graphics;)V+221
j  java.awt.GraphicsCallback$PaintCallback.run(Ljava/awt/Component;Ljava/awt/Graphics;)V+2
j  sun.awt.SunGraphicsCallback.runOneComponent(Ljava/awt/Component;Ljava/awt/Rectangle;Ljava/awt/Graphics;Ljava/awt/Shape;I)V+155
j  sun.awt.SunGraphicsCallback.runComponents([Ljava/awt/Component;Ljava/awt/Graphics;I)V+194
j  java.awt.Container.paint(Ljava/awt/Graphics;)V+58
j  java.awt.Window.paint(Ljava/awt/Graphics;)V+68
j  javax.swing.RepaintManager$4.run()Ljava/lang/Void;+142
j  javax.swing.RepaintManager$4.run()Ljava/lang/Object;+1
v  ~StubRoutines::call_stub
J 487  java.security.AccessController.doPrivileged(Ljava/security/PrivilegedAction;Ljava/security/AccessControlContext;)Ljava/lang/Object; (0 bytes) @ 0x0000000002b07426 [0x0000000002b073c0+0x66]
J 530 C1 java.security.ProtectionDomain$JavaSecurityAccessImpl.doIntersectionPrivilege(Ljava/security/PrivilegedAction;Ljava/security/AccessControlContext;Ljava/security/AccessControlContext;)Ljava/lang/Object; (22 bytes) @ 0x0000000002b1aa6c [0x0000000002b1a600+0x46c]
j  javax.swing.RepaintManager.paintDirtyRegions(Ljava/util/Map;)V+154
j  javax.swing.RepaintManager.paintDirtyRegions()V+46
j  javax.swing.RepaintManager.prePaintDirtyRegions()V+73
j  javax.swing.RepaintManager.access$1200(Ljavax/swing/RepaintManager;)V+1
j  javax.swing.RepaintManager$ProcessingRunnable.run()V+37
J 633 C1 java.awt.event.InvocationEvent.dispatch()V (69 bytes) @ 0x0000000002b52514 [0x0000000002b52300+0x214]
J 716 C1 java.awt.EventQueue.dispatchEventImpl(Ljava/awt/AWTEvent;Ljava/lang/Object;)V (149 bytes) @ 0x0000000002b74744 [0x0000000002b72c80+0x1ac4]
J 714 C1 java.awt.EventQueue$3.run()Ljava/lang/Void; (60 bytes) @ 0x0000000002b7208c [0x0000000002b71e80+0x20c]
J 713 C1 java.awt.EventQueue$3.run()Ljava/lang/Object; (5 bytes) @ 0x0000000002b71b0c [0x0000000002b71a80+0x8c]
v  ~StubRoutines::call_stub
J 487  java.security.AccessController.doPrivileged(Ljava/security/PrivilegedAction;Ljava/security/AccessControlContext;)Ljava/lang/Object; (0 bytes) @ 0x0000000002b07426 [0x0000000002b073c0+0x66]
J 609 C1 java.awt.EventQueue.dispatchEvent(Ljava/awt/AWTEvent;)V (80 bytes) @ 0x0000000002b3e3c4 [0x0000000002b3da40+0x984]
j  java.awt.EventDispatchThread.pumpOneEventForFilters(I)V+245
j  java.awt.EventDispatchThread.pumpEventsForFilter(ILjava/awt/Conditional;Ljava/awt/EventFilter;)V+35
j  java.awt.EventDispatchThread.pumpEventsForHierarchy(ILjava/awt/Conditional;Ljava/awt/Component;)V+11
j  java.awt.EventDispatchThread.pumpEvents(ILjava/awt/Conditional;)V+4
j  java.awt.EventDispatchThread.pumpEvents(Ljava/awt/Conditional;)V+3
j  java.awt.EventDispatchThread.run()V+9
v  ~StubRoutines::call_stub

---------------  P R O C E S S  ---------------

Java Threads: ( => current thread )
  0x0000000020b03800 JavaThread "Thread-8" [_thread_blocked, id=3584, stack(0x0000000023350000,0x0000000023450000)]
  0x0000000019ead000 JavaThread "Thread-7" [_thread_blocked, id=9896, stack(0x0000000022080000,0x0000000022180000)]
  0x000000001917a000 JavaThread "Thread-6" [_thread_blocked, id=5772, stack(0x0000000021f80000,0x0000000022080000)]
  0x00000000204ce800 JavaThread "Thread-5" [_thread_blocked, id=6064, stack(0x0000000021e80000,0x0000000021f80000)]
  0x00000000027f3000 JavaThread "DestroyJavaVM" [_thread_blocked, id=9384, stack(0x0000000002680000,0x0000000002780000)]
  0x00000000198a0800 JavaThread "TimerQueue" daemon [_thread_blocked, id=9136, stack(0x000000001cda0000,0x000000001cea0000)]
=>0x000000001916f800 JavaThread "AWT-EventQueue-0" [_thread_in_native, id=7644, stack(0x000000001a3b0000,0x000000001a4b0000)]
  0x000000001916b800 JavaThread "AWT-Windows" daemon [_thread_in_native, id=6152, stack(0x000000001a1a0000,0x000000001a2a0000)]
  0x000000001916b000 JavaThread "AWT-Shutdown" [_thread_blocked, id=2676, stack(0x000000001a0a0000,0x000000001a1a0000)]
  0x000000001916a000 JavaThread "Java2D Disposer" daemon [_thread_blocked, id=7092, stack(0x0000000019fa0000,0x000000001a0a0000)]
  0x0000000018e18000 JavaThread "Service Thread" daemon [_thread_blocked, id=3828, stack(0x00000000191a0000,0x00000000192a0000)]
  0x00000000174ae000 JavaThread "C1 CompilerThread2" daemon [_thread_blocked, id=7536, stack(0x0000000018ca0000,0x0000000018da0000)]
  0x00000000174ac800 JavaThread "C2 CompilerThread1" daemon [_thread_in_native, id=5752, stack(0x0000000018ba0000,0x0000000018ca0000)]
  0x00000000174aa000 JavaThread "C2 CompilerThread0" daemon [_thread_in_native, id=3552, stack(0x0000000018aa0000,0x0000000018ba0000)]
  0x00000000174a8800 JavaThread "Attach Listener" daemon [_thread_blocked, id=5888, stack(0x00000000189a0000,0x0000000018aa0000)]
  0x00000000174a7800 JavaThread "Signal Dispatcher" daemon [_thread_blocked, id=3780, stack(0x00000000188a0000,0x00000000189a0000)]
  0x000000001744a800 JavaThread "Finalizer" daemon [_thread_blocked, id=8860, stack(0x00000000186b0000,0x00000000187b0000)]
  0x00000000028e1000 JavaThread "Reference Handler" daemon [_thread_blocked, id=12620, stack(0x00000000185b0000,0x00000000186b0000)]

Other Threads:
  0x0000000017427800 VMThread [stack: 0x00000000184b0000,0x00000000185b0000] [id=12892]
  0x0000000018e67000 WatcherThread [stack: 0x00000000192a0000,0x00000000193a0000] [id=6228]

VM state:not at safepoint (normal execution)

VM Mutex/Monitor currently owned by a thread: None

Heap:
 PSYoungGen      total 38400K, used 15697K [0x00000000d5c00000, 0x00000000d8680000, 0x0000000100000000)
  eden space 33280K, 31% used [0x00000000d5c00000,0x00000000d66583a0,0x00000000d7c80000)
  from space 5120K, 99% used [0x00000000d7c80000,0x00000000d817c288,0x00000000d8180000)
  to   space 5120K, 0% used [0x00000000d8180000,0x00000000d8180000,0x00000000d8680000)
 ParOldGen       total 87552K, used 11295K [0x0000000081400000, 0x0000000086980000, 0x00000000d5c00000)
  object space 87552K, 12% used [0x0000000081400000,0x0000000081f07fa8,0x0000000086980000)
 Metaspace       used 19430K, capacity 19644K, committed 20096K, reserved 1067008K
  class space    used 2534K, capacity 2626K, committed 2688K, reserved 1048576K

Card table byte_map: [0x0000000011cb0000,0x00000000120b0000] byte_map_base: 0x00000000118a6000

Marking Bits: (ParMarkBitMap*) 0x000000006786a6c0
 Begin Bits: [0x0000000012760000, 0x0000000014710000)
 End Bits:   [0x0000000014710000, 0x00000000166c0000)

Polling page: 0x00000000007a0000

CodeCache: size=245760Kb used=7727Kb max_used=7738Kb free=238032Kb
 bounds [0x00000000028f0000, 0x0000000003090000, 0x00000000118f0000]
 total_blobs=2895 nmethods=2340 adapters=466
 compilation: enabled

Compilation events (10 events):
Event: 27.328 Thread 0x00000000174ae000 nmethod 2382 0x000000000307ae90 code [0x000000000307b020, 0x000000000307b628]
Event: 27.328 Thread 0x00000000174ae000 2383       1       java.awt.Window::getFocusableWindowState (5 bytes)
Event: 27.328 Thread 0x00000000174ae000 nmethod 2383 0x000000000307abd0 code [0x000000000307ad20, 0x000000000307ae30]
Event: 27.332 Thread 0x00000000174ae000 2385       3       sun.nio.ch.IOUtil::readIntoNativeBuffer (137 bytes)
Event: 27.333 Thread 0x00000000174ae000 nmethod 2385 0x00000000030795d0 code [0x00000000030797a0, 0x000000000307a188]
Event: 27.333 Thread 0x00000000174ae000 2386   !   3       sun.nio.ch.FileChannelImpl::position (255 bytes)
Event: 27.333 Thread 0x00000000174ae000 nmethod 2386 0x0000000003080510 code [0x0000000003080760, 0x0000000003081628]
Event: 27.333 Thread 0x00000000174ae000 2388       3       java.awt.geom.AffineTransform::<init> (15 bytes)
Event: 27.334 Thread 0x00000000174ae000 nmethod 2388 0x0000000003079210 code [0x0000000003079360, 0x0000000003079530]
Event: 27.336 Thread 0x00000000174ae000 2389       3       java.awt.Rectangle::intersection (180 bytes)

GC Heap History (6 events):
Event: 10.947 GC heap before
{Heap before GC invocations=1 (full 0):
 PSYoungGen      total 38400K, used 33280K [0x00000000d5c00000, 0x00000000d8680000, 0x0000000100000000)
  eden space 33280K, 100% used [0x00000000d5c00000,0x00000000d7c80000,0x00000000d7c80000)
  from space 5120K, 0% used [0x00000000d8180000,0x00000000d8180000,0x00000000d8680000)
  to   space 5120K, 0% used [0x00000000d7c80000,0x00000000d7c80000,0x00000000d8180000)
 ParOldGen       total 87552K, used 0K [0x0000000081400000, 0x0000000086980000, 0x00000000d5c00000)
  object space 87552K, 0% used [0x0000000081400000,0x0000000081400000,0x0000000086980000)
 Metaspace       used 13161K, capacity 13356K, committed 13568K, reserved 1060864K
  class space    used 1630K, capacity 1718K, committed 1792K, reserved 1048576K
Event: 10.954 GC heap after
Heap after GC invocations=1 (full 0):
 PSYoungGen      total 38400K, used 5090K [0x00000000d5c00000, 0x00000000d8680000, 0x0000000100000000)
  eden space 33280K, 0% used [0x00000000d5c00000,0x00000000d5c00000,0x00000000d7c80000)
  from space 5120K, 99% used [0x00000000d7c80000,0x00000000d8178a68,0x00000000d8180000)
  to   space 5120K, 0% used [0x00000000d8180000,0x00000000d8180000,0x00000000d8680000)
 ParOldGen       total 87552K, used 1421K [0x0000000081400000, 0x0000000086980000, 0x00000000d5c00000)
  object space 87552K, 1% used [0x0000000081400000,0x00000000815634b0,0x0000000086980000)
 Metaspace       used 13161K, capacity 13356K, committed 13568K, reserved 1060864K
  class space    used 1630K, capacity 1718K, committed 1792K, reserved 1048576K
}
Event: 26.551 GC heap before
{Heap before GC invocations=2 (full 0):
 PSYoungGen      total 38400K, used 38370K [0x00000000d5c00000, 0x00000000d8680000, 0x0000000100000000)
  eden space 33280K, 100% used [0x00000000d5c00000,0x00000000d7c80000,0x00000000d7c80000)
  from space 5120K, 99% used [0x00000000d7c80000,0x00000000d8178a68,0x00000000d8180000)
  to   space 5120K, 0% used [0x00000000d8180000,0x00000000d8180000,0x00000000d8680000)
 ParOldGen       total 87552K, used 1421K [0x0000000081400000, 0x0000000086980000, 0x00000000d5c00000)
  object space 87552K, 1% used [0x0000000081400000,0x00000000815634b0,0x0000000086980000)
 Metaspace       used 18259K, capacity 18444K, committed 18688K, reserved 1064960K
  class space    used 2388K, capacity 2462K, committed 2560K, reserved 1048576K
Event: 26.564 GC heap after
Heap after GC invocations=2 (full 0):
 PSYoungGen      total 38400K, used 5119K [0x00000000d5c00000, 0x00000000d8680000, 0x0000000100000000)
  eden space 33280K, 0% used [0x00000000d5c00000,0x00000000d5c00000,0x00000000d7c80000)
  from space 5120K, 99% used [0x00000000d8180000,0x00000000d867ff70,0x00000000d8680000)
  to   space 5120K, 0% used [0x00000000d7c80000,0x00000000d7c80000,0x00000000d8180000)
 ParOldGen       total 87552K, used 8645K [0x0000000081400000, 0x0000000086980000, 0x00000000d5c00000)
  object space 87552K, 9% used [0x0000000081400000,0x0000000081c71478,0x0000000086980000)
 Metaspace       used 18259K, capacity 18444K, committed 18688K, reserved 1064960K
  class space    used 2388K, capacity 2462K, committed 2560K, reserved 1048576K
}
Event: 27.158 GC heap before
{Heap before GC invocations=3 (full 0):
 PSYoungGen      total 38400K, used 38399K [0x00000000d5c00000, 0x00000000d8680000, 0x0000000100000000)
  eden space 33280K, 100% used [0x00000000d5c00000,0x00000000d7c80000,0x00000000d7c80000)
  from space 5120K, 99% used [0x00000000d8180000,0x00000000d867ff70,0x00000000d8680000)
  to   space 5120K, 0% used [0x00000000d7c80000,0x00000000d7c80000,0x00000000d8180000)
 ParOldGen       total 87552K, used 8645K [0x0000000081400000, 0x0000000086980000, 0x00000000d5c00000)
  object space 87552K, 9% used [0x0000000081400000,0x0000000081c71478,0x0000000086980000)
 Metaspace       used 19319K, capacity 19542K, committed 19840K, reserved 1067008K
  class space    used 2526K, capacity 2593K, committed 2688K, reserved 1048576K
Event: 27.166 GC heap after
Heap after GC invocations=3 (full 0):
 PSYoungGen      total 38400K, used 5104K [0x00000000d5c00000, 0x00000000d8680000, 0x0000000100000000)
  eden space 33280K, 0% used [0x00000000d5c00000,0x00000000d5c00000,0x00000000d7c80000)
  from space 5120K, 99% used [0x00000000d7c80000,0x00000000d817c288,0x00000000d8180000)
  to   space 5120K, 0% used [0x00000000d8180000,0x00000000d8180000,0x00000000d8680000)
 ParOldGen       total 87552K, used 11295K [0x0000000081400000, 0x0000000086980000, 0x00000000d5c00000)
  object space 87552K, 12% used [0x0000000081400000,0x0000000081f07fa8,0x0000000086980000)
 Metaspace       used 19319K, capacity 19542K, committed 19840K, reserved 1067008K
  class space    used 2526K, capacity 2593K, committed 2688K, reserved 1048576K
}

Deoptimization events (10 events):
Event: 26.927 Thread 0x000000001916f800 Uncommon trap: reason=unstable_if action=reinterpret pc=0x0000000002f66a3c method=java.io.StringReader.read()I @ 19
Event: 26.956 Thread 0x000000001916f800 Uncommon trap: reason=unstable_if action=reinterpret pc=0x0000000002e9e970 method=java.lang.Class.arrayContentsEq([Ljava/lang/Object;[Ljava/lang/Object;)Z @ 57
Event: 26.959 Thread 0x0000000019ead000 Uncommon trap: reason=unstable_if action=reinterpret pc=0x0000000002eb068c method=differentGroupsOfPlates.Stack.checkWinplates()Z @ 11
Event: 27.003 Thread 0x000000001916f800 Uncommon trap: reason=unstable_if action=reinterpret pc=0x0000000002f1b354 method=java.util.regex.Pattern$CharProperty.match(Ljava/util/regex/Matcher;ILjava/lang/CharSequence;)Z @ 5
Event: 27.003 Thread 0x000000001916f800 Uncommon trap: reason=unstable_if action=reinterpret pc=0x0000000002f890e4 method=org.xmlpull.mxp1.MXParser.nextImpl()I @ 91
Event: 27.004 Thread 0x000000001916f800 Uncommon trap: reason=unstable_if action=reinterpret pc=0x0000000002fc13a8 method=com.thoughtworks.xstream.io.xml.AbstractPullReader.readRealEvent()Lcom/thoughtworks/xstream/io/xml/AbstractPullReader$Event; @ 7
Event: 27.110 Thread 0x0000000019ead000 Uncommon trap: reason=class_check action=maybe_recompile pc=0x000000000300f88c method=differentGroupsOfPlates.Stack.checkWinplates()Z @ 45
Event: 27.120 Thread 0x0000000019ead000 Uncommon trap: reason=class_check action=maybe_recompile pc=0x000000000300f88c method=differentGroupsOfPlates.Stack.checkWinplates()Z @ 45
Event: 27.130 Thread 0x0000000019ead000 Uncommon trap: reason=class_check action=maybe_recompile pc=0x000000000300f88c method=differentGroupsOfPlates.Stack.checkWinplates()Z @ 45
Event: 27.140 Thread 0x0000000019ead000 Uncommon trap: reason=class_check action=maybe_recompile pc=0x000000000300f88c method=differentGroupsOfPlates.Stack.checkWinplates()Z @ 45

Internal exceptions (10 events):
Event: 10.902 Thread 0x000000001916f800 Exception <a 'java/lang/ArrayIndexOutOfBoundsException'> (0x00000000d797bf68) thrown at [C:\re\workspace\8-2-build-windows-amd64-cygwin\jdk8u111\7883\hotspot\src\share\vm\runtime\sharedRuntime.cpp, line 605]
Event: 10.902 Thread 0x000000001916f800 Exception <a 'java/lang/ArrayIndexOutOfBoundsException'> (0x00000000d797d908) thrown at [C:\re\workspace\8-2-build-windows-amd64-cygwin\jdk8u111\7883\hotspot\src\share\vm\runtime\sharedRuntime.cpp, line 605]
Event: 10.902 Thread 0x000000001916f800 Exception <a 'java/lang/ArrayIndexOutOfBoundsException'> (0x00000000d797f150) thrown at [C:\re\workspace\8-2-build-windows-amd64-cygwin\jdk8u111\7883\hotspot\src\share\vm\runtime\sharedRuntime.cpp, line 605]
Event: 10.902 Thread 0x000000001916f800 Exception <a 'java/lang/ArrayIndexOutOfBoundsException'> (0x00000000d7980978) thrown at [C:\re\workspace\8-2-build-windows-amd64-cygwin\jdk8u111\7883\hotspot\src\share\vm\runtime\sharedRuntime.cpp, line 605]
Event: 10.902 Thread 0x000000001916f800 Exception <a 'java/lang/ArrayIndexOutOfBoundsException'> (0x00000000d7982280) thrown at [C:\re\workspace\8-2-build-windows-amd64-cygwin\jdk8u111\7883\hotspot\src\share\vm\runtime\sharedRuntime.cpp, line 605]
Event: 10.914 Thread 0x000000001916f800 Exception <a 'java/lang/ArrayIndexOutOfBoundsException': 175> (0x00000000d7a251b8) thrown at [C:\re\workspace\8-2-build-windows-amd64-cygwin\jdk8u111\7883\hotspot\src\share\vm\interpreter\interpreterRuntime.cpp, line 366]
Event: 10.914 Thread 0x000000001916f800 Exception <a 'java/lang/ArrayIndexOutOfBoundsException': 56> (0x00000000d7a262f0) thrown at [C:\re\workspace\8-2-build-windows-amd64-cygwin\jdk8u111\7883\hotspot\src\share\vm\interpreter\interpreterRuntime.cpp, line 366]
Event: 11.384 Thread 0x00000000198a4000 JVM_StopThread thread JavaThread 0x00000000198a4000 as oop 0x00000000d7c80720 [exception 0x000000001f4df650]
Event: 11.384 Thread 0x00000000198a4000 Exception <a 'java/lang/ThreadDeath'> (0x00000000d69cc110) thrown at [C:\re\workspace\8-2-build-windows-amd64-cygwin\jdk8u111\7883\hotspot\src\share\vm\prims\jvm.cpp, line 3057]
Event: 26.475 Thread 0x0000000019ead000 Implicit null exception at 0x0000000002eb9a3b to 0x0000000002ebbf51

Events (10 events):
Event: 27.327 loading class java/io/ObjectStreamClass$FieldReflectorKey done
Event: 27.327 loading class java/io/ObjectStreamClass$FieldReflector
Event: 27.327 loading class java/io/ObjectStreamClass$FieldReflector done
Event: 27.327 loading class java/io/ObjectStreamClass$ExceptionInfo
Event: 27.327 loading class java/io/ObjectStreamClass$ExceptionInfo done
Event: 27.328 Thread 0x0000000020b03800 Thread added: 0x0000000020b03800
Event: 27.328 Thread 0x000000001916f800 DEOPT PACKING pc=0x0000000002b464e4 sp=0x000000001a4aef30
Event: 27.328 Thread 0x000000001916f800 DEOPT UNPACKING pc=0x000000000293787f sp=0x000000001a4aecc8 mode 0
Event: 27.328 loading class javax/swing/RepaintManager$3
Event: 27.328 loading class javax/swing/RepaintManager$3 done


Dynamic libraries:
0x00007ff717a80000 - 0x00007ff717ab7000 	C:\Program Files\Java\jre1.8.0_111\bin\javaw.exe
0x00007ff802260000 - 0x00007ff802431000 	C:\WINDOWS\SYSTEM32\ntdll.dll
0x00007ff8004e0000 - 0x00007ff80058b000 	C:\WINDOWS\System32\KERNEL32.DLL
0x00007fffff400000 - 0x00007fffff61d000 	C:\WINDOWS\System32\KERNELBASE.dll
0x00007ff800ae0000 - 0x00007ff800b82000 	C:\WINDOWS\System32\ADVAPI32.dll
0x00007fffff840000 - 0x00007fffff8de000 	C:\WINDOWS\System32\msvcrt.dll
0x00007ff800410000 - 0x00007ff800469000 	C:\WINDOWS\System32\sechost.dll
0x00007ff8001a0000 - 0x00007ff8002c1000 	C:\WINDOWS\System32\RPCRT4.dll
0x00007ff800970000 - 0x00007ff800ad5000 	C:\WINDOWS\System32\USER32.dll
0x00007ff800010000 - 0x00007ff80002e000 	C:\WINDOWS\System32\win32u.dll
0x00007fffff7a0000 - 0x00007fffff7d4000 	C:\WINDOWS\System32\GDI32.dll
0x00007fffff270000 - 0x00007fffff3f2000 	C:\WINDOWS\System32\gdi32full.dll
0x00007fffeeb10000 - 0x00007fffeed89000 	C:\WINDOWS\WinSxS\amd64_microsoft.windows.common-controls_6595b64144ccf1df_6.0.14393.447_none_42191651c6827bb3\COMCTL32.dll
0x00007fffffd10000 - 0x00007ffffffd8000 	C:\WINDOWS\System32\combase.dll
0x00007ffffe720000 - 0x00007ffffe815000 	C:\WINDOWS\System32\ucrtbase.dll
0x00007fffff680000 - 0x00007fffff6ea000 	C:\WINDOWS\System32\bcryptPrimitives.dll
0x00007ff802230000 - 0x00007ff80225e000 	C:\WINDOWS\System32\IMM32.DLL
0x0000000068430000 - 0x0000000068502000 	C:\Program Files\Java\jre1.8.0_111\bin\msvcr100.dll
0x0000000067050000 - 0x00000000678ea000 	C:\Program Files\Java\jre1.8.0_111\bin\server\jvm.dll
0x00007ff800b90000 - 0x00007ff800b98000 	C:\WINDOWS\System32\PSAPI.DLL
0x00007ffffc580000 - 0x00007ffffc5a3000 	C:\WINDOWS\SYSTEM32\WINMM.dll
0x00007ffff5e90000 - 0x00007ffff5e9a000 	C:\WINDOWS\SYSTEM32\VERSION.dll
0x00007ffff4910000 - 0x00007ffff4919000 	C:\WINDOWS\SYSTEM32\WSOCK32.dll
0x00007ff800470000 - 0x00007ff8004da000 	C:\WINDOWS\System32\WS2_32.dll
0x00007ffffc520000 - 0x00007ffffc54b000 	C:\WINDOWS\SYSTEM32\WINMMBASE.dll
0x00007fffff220000 - 0x00007fffff262000 	C:\WINDOWS\System32\cfgmgr32.dll
0x0000000068ec0000 - 0x0000000068ecf000 	C:\Program Files\Java\jre1.8.0_111\bin\verify.dll
0x0000000068b80000 - 0x0000000068ba9000 	C:\Program Files\Java\jre1.8.0_111\bin\java.dll
0x0000000068b60000 - 0x0000000068b76000 	C:\Program Files\Java\jre1.8.0_111\bin\zip.dll
0x00007ff800ba0000 - 0x00007ff8020a9000 	C:\WINDOWS\System32\SHELL32.dll
0x00007ffffeb40000 - 0x00007fffff21a000 	C:\WINDOWS\System32\windows.storage.dll
0x00007ffffe6a0000 - 0x00007ffffe6ec000 	C:\WINDOWS\System32\powrprof.dll
0x00007fffff7e0000 - 0x00007fffff832000 	C:\WINDOWS\System32\shlwapi.dll
0x00007ffffe6f0000 - 0x00007ffffe6ff000 	C:\WINDOWS\System32\kernel.appcore.dll
0x00007fffff6f0000 - 0x00007fffff799000 	C:\WINDOWS\System32\shcore.dll
0x00007ffffe700000 - 0x00007ffffe714000 	C:\WINDOWS\System32\profapi.dll
0x0000000068290000 - 0x0000000068428000 	C:\Program Files\Java\jre1.8.0_111\bin\awt.dll
0x00007ff802110000 - 0x00007ff8021cf000 	C:\WINDOWS\System32\OLEAUT32.dll
0x00007ffffe820000 - 0x00007ffffe8bc000 	C:\WINDOWS\System32\msvcp_win.dll
0x00007ffffcc50000 - 0x00007ffffccca000 	C:\WINDOWS\SYSTEM32\apphelp.dll
0x00007ffffcdf0000 - 0x00007ffffce85000 	C:\WINDOWS\system32\uxtheme.dll
0x00007ff800030000 - 0x00007ff80018b000 	C:\WINDOWS\System32\MSCTF.dll
0x00007ffff3200000 - 0x00007ffff322c000 	C:\PROGRA~2\RAPTRI~1\Raptr\ltc_help64-116716.dll
0x00007fffff620000 - 0x00007fffff675000 	C:\WINDOWS\System32\WINTRUST.dll
0x00007ff800000000 - 0x00007ff800010000 	C:\WINDOWS\System32\MSASN1.dll
0x00007ffffe970000 - 0x00007ffffeb39000 	C:\WINDOWS\System32\CRYPT32.dll
0x00007ffffc010000 - 0x00007ffffc036000 	C:\WINDOWS\system32\dwmapi.dll
0x00007ff8002d0000 - 0x00007ff800407000 	C:\WINDOWS\System32\ole32.dll
0x0000000068aa0000 - 0x0000000068ae7000 	C:\Program Files\Java\jre1.8.0_111\bin\fontmanager.dll
0x0000000068b40000 - 0x0000000068b5a000 	C:\Program Files\Java\jre1.8.0_111\bin\net.dll
0x00007ffffdf70000 - 0x00007ffffdfcc000 	C:\WINDOWS\system32\mswsock.dll
0x0000000068b20000 - 0x0000000068b31000 	C:\Program Files\Java\jre1.8.0_111\bin\nio.dll
0x0000000068160000 - 0x00000000681a2000 	C:\Program Files\Java\jre1.8.0_111\bin\t2k.dll
0x00007ff800590000 - 0x00007ff80062f000 	C:\WINDOWS\System32\clbcatq.dll
0x00007ffffe110000 - 0x00007ffffe127000 	C:\WINDOWS\SYSTEM32\CRYPTSP.dll
0x00007ffffdb80000 - 0x00007ffffdbb3000 	C:\WINDOWS\system32\rsaenh.dll
0x00007ffffe5e0000 - 0x00007ffffe60b000 	C:\WINDOWS\SYSTEM32\bcrypt.dll
0x00007ffffddf0000 - 0x00007ffffde0f000 	C:\WINDOWS\SYSTEM32\USERENV.dll
0x00007ffffe130000 - 0x00007ffffe13b000 	C:\WINDOWS\SYSTEM32\CRYPTBASE.dll
0x00007ffffdd00000 - 0x00007ffffdd38000 	C:\WINDOWS\SYSTEM32\IPHLPAPI.DLL
0x00007ff8006c0000 - 0x00007ff8006c8000 	C:\WINDOWS\System32\NSI.dll
0x00007ffff9780000 - 0x00007ffff9796000 	C:\WINDOWS\SYSTEM32\dhcpcsvc6.DLL
0x00007ffff9b40000 - 0x00007ffff9b5a000 	C:\WINDOWS\SYSTEM32\dhcpcsvc.DLL
0x0000000068a90000 - 0x0000000068a9d000 	C:\Program Files\Java\jre1.8.0_111\bin\management.dll
0x00007fffe8610000 - 0x00007fffe8626000 	C:\WINDOWS\system32\napinsp.dll
0x00007fffe8630000 - 0x00007fffe864a000 	C:\WINDOWS\system32\pnrpnsp.dll
0x00007ffffc6a0000 - 0x00007ffffc6b8000 	C:\WINDOWS\system32\NLAapi.dll
0x00007ffffdd50000 - 0x00007ffffddf0000 	C:\WINDOWS\SYSTEM32\DNSAPI.dll
0x00007fffe8650000 - 0x00007fffe865e000 	C:\WINDOWS\System32\winrnr.dll
0x00007fffe8660000 - 0x00007fffe8675000 	C:\WINDOWS\System32\wshbth.dll
0x00007fffee320000 - 0x00007fffee32a000 	C:\Windows\System32\rasadhlp.dll
0x00007ffff8f40000 - 0x00007ffff8faa000 	C:\WINDOWS\System32\fwpuclnt.dll
0x00007fffed1e0000 - 0x00007fffed372000 	C:\WINDOWS\SYSTEM32\dbghelp.dll

VM Arguments:
java_command: C:\Users\abdo\Desktop\repos\game\game\Game\Game.jar
java_class_path (initial): C:\Users\abdo\Desktop\repos\game\game\Game\Game.jar
Launcher Type: SUN_STANDARD

Environment Variables:
JAVA_HOME=C:\Program Files\Java\jdk1.8.0_111
PATH=C:\Xilinx\10.1\ISE\bin\nt;C:\Xilinx\10.1\ISE\lib\nt;C:\Xilinx\10.1\ISE\smartmodel\nt\installed_nt\lib\pcnt.lib;D:\program\eclipse-cpp-mars-2-win32-x86_64\gcc\bin;D:\program\eclipse-cpp-mars-2-win32-x86_64\gcc\libexec\gcc\x86_64-pc-mingw32\5.3.0;c:MinGW\bin;c:MinGW\libexec\gcc\x86_64-pc-mingw32\6.1.0;C:\Users\abdo\gcc\bin;C:\Users\abdo\gcc\libexec\gcc\x86_64-pc-mingw32\6.1.0;C:\ProgramData\Oracle\Java\javapath;C:\Program Files (x86)\Intel\iCLS Client\;C:\Program Files\Intel\iCLS Client\;C:\WINDOWS\system32;C:\WINDOWS;C:\WINDOWS\System32\Wbem;C:\WINDOWS\System32\WindowsPowerShell\v1.0\;C:\Program Files\Intel\Intel(R) Management Engine Components\DAL;C:\Program Files (x86)\Intel\Intel(R) Management Engine Components\DAL;C:\Program Files\Intel\Intel(R) Management Engine Components\IPT;C:\Program Files (x86)\Intel\Intel(R) Management Engine Components\IPT;C:\Program Files (x86)\AMD\ATI.ACE\Core-Static;C:\Program Files\Intel\WiFi\bin\;C:\Program Files\Common Files\Intel\WirelessCommon\;C:\Program Files\nodejs\;C:\Program Files (x86)\Brackets\command;C:\Program Files (x86)\GtkSharp\2.12\bin;C:\Users\abdo\Desktop\apache-maven-3.3.9\bin;C:\Program Files\Git\cmd;C:\Program Files\Intel\WiFi\bin\;C:\Program Files\Common Files\Intel\WirelessCommon\;C:\Users\abdo\AppData\Roaming\npm;C:\Users\abdo\AppData\Local\Microsoft\WindowsApps
USERNAME=abdo
OS=Windows_NT
PROCESSOR_IDENTIFIER=Intel64 Family 6 Model 61 Stepping 4, GenuineIntel



---------------  S Y S T E M  ---------------

OS: Windows 10.0 , 64 bit Build 14393 (10.0.14393.0)

CPU:total 4 (2 cores per cpu, 2 threads per core) family 6 model 61 stepping 4, cmov, cx8, fxsr, mmx, sse, sse2, sse3, ssse3, sse4.1, sse4.2, popcnt, avx, avx2, aes, clmul, erms, 3dnowpref, lzcnt, ht, tsc, tscinvbit, bmi1, bmi2, adx

Memory: 4k page, physical 8305600k(2191084k free), swap 12898760k(5054852k free)

vm_info: Java HotSpot(TM) 64-Bit Server VM (25.111-b14) for windows-amd64 JRE (1.8.0_111-b14), built on Sep 22 2016 19:24:05 by "java_re" with MS VC++ 10.0 (VS2010)

time: Thu Jan 26 10:19:13 2017
elapsed time: 27 seconds (0d 0h 0m 27s)

